[2025-10-08T07:42:55.673+0000] {local_task_job_runner.py:123} INFO - ::group::Pre task execution logs
[2025-10-08T07:42:55.699+0000] {taskinstance.py:2612} INFO - Dependencies all met for dep_context=non-requeueable deps ti=<TaskInstance: kafka_roundtrip.produce manual__2025-10-08T07:42:53.807229+00:00 [queued]>
[2025-10-08T07:42:55.709+0000] {taskinstance.py:2612} INFO - Dependencies all met for dep_context=requeueable deps ti=<TaskInstance: kafka_roundtrip.produce manual__2025-10-08T07:42:53.807229+00:00 [queued]>
[2025-10-08T07:42:55.709+0000] {taskinstance.py:2865} INFO - Starting attempt 1 of 1
[2025-10-08T07:42:55.725+0000] {taskinstance.py:2888} INFO - Executing <Task(_PythonDecoratedOperator): produce> on 2025-10-08 07:42:53.807229+00:00
[2025-10-08T07:42:55.734+0000] {warnings.py:112} WARNING - /home/***/.local/lib/python3.12/site-packages/***/task/task_runner/standard_task_runner.py:70: DeprecationWarning: This process (pid=177) is multi-threaded, use of fork() may lead to deadlocks in the child.
  pid = os.fork()

[2025-10-08T07:42:55.735+0000] {standard_task_runner.py:104} INFO - Running: ['***', 'tasks', 'run', 'kafka_roundtrip', 'produce', 'manual__2025-10-08T07:42:53.807229+00:00', '--job-id', '23', '--raw', '--subdir', 'DAGS_FOLDER/kafka_roundtrip.py', '--cfg-path', '/tmp/tmpkmxexbzz']
[2025-10-08T07:42:55.736+0000] {standard_task_runner.py:72} INFO - Started process 178 to run task
[2025-10-08T07:42:55.736+0000] {standard_task_runner.py:105} INFO - Job 23: Subtask produce
[2025-10-08T07:42:55.795+0000] {task_command.py:467} INFO - Running <TaskInstance: kafka_roundtrip.produce manual__2025-10-08T07:42:53.807229+00:00 [running]> on host b2115f5660aa
[2025-10-08T07:42:55.913+0000] {taskinstance.py:3131} INFO - Exporting env vars: AIRFLOW_CTX_DAG_OWNER='***' AIRFLOW_CTX_DAG_ID='kafka_roundtrip' AIRFLOW_CTX_TASK_ID='produce' AIRFLOW_CTX_EXECUTION_DATE='2025-10-08T07:42:53.807229+00:00' AIRFLOW_CTX_TRY_NUMBER='1' AIRFLOW_CTX_DAG_RUN_ID='manual__2025-10-08T07:42:53.807229+00:00'
[2025-10-08T07:42:55.915+0000] {taskinstance.py:731} INFO - ::endgroup::
[2025-10-08T07:42:56.074+0000] {logging_mixin.py:190} INFO - Enviado: hola-desde-***-6fd86e69-2d10-498d-9a8f-dda27cda0bd8
[2025-10-08T07:42:56.075+0000] {python.py:240} INFO - Done. Returned value was: None
[2025-10-08T07:42:56.090+0000] {taskinstance.py:340} INFO - ::group::Post task execution logs
[2025-10-08T07:42:56.091+0000] {taskinstance.py:352} INFO - Marking task as SUCCESS. dag_id=kafka_roundtrip, task_id=produce, run_id=manual__2025-10-08T07:42:53.807229+00:00, execution_date=20251008T074253, start_date=20251008T074255, end_date=20251008T074256
[2025-10-08T07:42:56.154+0000] {local_task_job_runner.py:266} INFO - Task exited with return code 0
[2025-10-08T07:42:56.182+0000] {taskinstance.py:3900} INFO - 1 downstream tasks scheduled from follow-on schedule check
[2025-10-08T07:42:56.189+0000] {local_task_job_runner.py:245} INFO - ::endgroup::
