[2025-10-08T07:21:30.400+0000] {local_task_job_runner.py:123} INFO - ::group::Pre task execution logs
[2025-10-08T07:21:30.423+0000] {taskinstance.py:2612} INFO - Dependencies all met for dep_context=non-requeueable deps ti=<TaskInstance: kafka_roundtrip.consume manual__2025-10-08T07:21:28+00:00 [queued]>
[2025-10-08T07:21:30.433+0000] {taskinstance.py:2612} INFO - Dependencies all met for dep_context=requeueable deps ti=<TaskInstance: kafka_roundtrip.consume manual__2025-10-08T07:21:28+00:00 [queued]>
[2025-10-08T07:21:30.434+0000] {taskinstance.py:2865} INFO - Starting attempt 1 of 1
[2025-10-08T07:21:30.448+0000] {taskinstance.py:2888} INFO - Executing <Task(_PythonDecoratedOperator): consume> on 2025-10-08 07:21:28+00:00
[2025-10-08T07:21:30.457+0000] {warnings.py:112} WARNING - /home/***/.local/lib/python3.12/site-packages/***/task/task_runner/standard_task_runner.py:70: DeprecationWarning: This process (pid=139) is multi-threaded, use of fork() may lead to deadlocks in the child.
  pid = os.fork()

[2025-10-08T07:21:30.458+0000] {standard_task_runner.py:72} INFO - Started process 140 to run task
[2025-10-08T07:21:30.459+0000] {standard_task_runner.py:104} INFO - Running: ['***', 'tasks', 'run', 'kafka_roundtrip', 'consume', 'manual__2025-10-08T07:21:28+00:00', '--job-id', '18', '--raw', '--subdir', 'DAGS_FOLDER/kafka_roundtrip.py', '--cfg-path', '/tmp/tmptph6yn_f']
[2025-10-08T07:21:30.460+0000] {standard_task_runner.py:105} INFO - Job 18: Subtask consume
[2025-10-08T07:21:30.514+0000] {task_command.py:467} INFO - Running <TaskInstance: kafka_roundtrip.consume manual__2025-10-08T07:21:28+00:00 [running]> on host b2115f5660aa
[2025-10-08T07:21:30.597+0000] {taskinstance.py:3131} INFO - Exporting env vars: AIRFLOW_CTX_DAG_OWNER='***' AIRFLOW_CTX_DAG_ID='kafka_roundtrip' AIRFLOW_CTX_TASK_ID='consume' AIRFLOW_CTX_EXECUTION_DATE='2025-10-08T07:21:28+00:00' AIRFLOW_CTX_TRY_NUMBER='1' AIRFLOW_CTX_DAG_RUN_ID='manual__2025-10-08T07:21:28+00:00'
[2025-10-08T07:21:30.598+0000] {taskinstance.py:731} INFO - ::endgroup::
[2025-10-08T07:21:34.475+0000] {logging_mixin.py:190} INFO - Recibido: hola-desde-***-bfe49617-3543-45c2-b1bc-2d089d154c09
[2025-10-08T07:21:34.476+0000] {python.py:240} INFO - Done. Returned value was: None
[2025-10-08T07:21:34.492+0000] {taskinstance.py:340} INFO - ::group::Post task execution logs
[2025-10-08T07:21:34.493+0000] {taskinstance.py:352} INFO - Marking task as SUCCESS. dag_id=kafka_roundtrip, task_id=consume, run_id=manual__2025-10-08T07:21:28+00:00, execution_date=20251008T072128, start_date=20251008T072130, end_date=20251008T072134
[2025-10-08T07:21:34.525+0000] {local_task_job_runner.py:266} INFO - Task exited with return code 0
[2025-10-08T07:21:34.546+0000] {taskinstance.py:3900} INFO - 0 downstream tasks scheduled from follow-on schedule check
[2025-10-08T07:21:34.549+0000] {local_task_job_runner.py:245} INFO - ::endgroup::
