[2025-10-08T06:02:47.134+0000] {local_task_job_runner.py:123} INFO - ::group::Pre task execution logs
[2025-10-08T06:02:47.161+0000] {taskinstance.py:2612} INFO - Dependencies all met for dep_context=non-requeueable deps ti=<TaskInstance: hello_world.say_hi manual__2025-10-08T06:02:46.095726+00:00 [queued]>
[2025-10-08T06:02:47.172+0000] {taskinstance.py:2612} INFO - Dependencies all met for dep_context=requeueable deps ti=<TaskInstance: hello_world.say_hi manual__2025-10-08T06:02:46.095726+00:00 [queued]>
[2025-10-08T06:02:47.173+0000] {taskinstance.py:2865} INFO - Starting attempt 1 of 1
[2025-10-08T06:02:47.190+0000] {taskinstance.py:2888} INFO - Executing <Task(PythonOperator): say_hi> on 2025-10-08 06:02:46.095726+00:00
[2025-10-08T06:02:47.202+0000] {warnings.py:112} WARNING - /home/***/.local/lib/python3.12/site-packages/***/task/task_runner/standard_task_runner.py:70: DeprecationWarning: This process (pid=59) is multi-threaded, use of fork() may lead to deadlocks in the child.
  pid = os.fork()

[2025-10-08T06:02:47.202+0000] {standard_task_runner.py:104} INFO - Running: ['***', 'tasks', 'run', 'hello_world', 'say_hi', 'manual__2025-10-08T06:02:46.095726+00:00', '--job-id', '4', '--raw', '--subdir', 'DAGS_FOLDER/hello_world.py', '--cfg-path', '/tmp/tmp90mdczkx']
[2025-10-08T06:02:47.206+0000] {standard_task_runner.py:72} INFO - Started process 60 to run task
[2025-10-08T06:02:47.206+0000] {standard_task_runner.py:105} INFO - Job 4: Subtask say_hi
[2025-10-08T06:02:47.324+0000] {task_command.py:467} INFO - Running <TaskInstance: hello_world.say_hi manual__2025-10-08T06:02:46.095726+00:00 [running]> on host ea7da53f133e
[2025-10-08T06:02:47.439+0000] {taskinstance.py:3131} INFO - Exporting env vars: AIRFLOW_CTX_DAG_OWNER='***' AIRFLOW_CTX_DAG_ID='hello_world' AIRFLOW_CTX_TASK_ID='say_hi' AIRFLOW_CTX_EXECUTION_DATE='2025-10-08T06:02:46.095726+00:00' AIRFLOW_CTX_TRY_NUMBER='1' AIRFLOW_CTX_DAG_RUN_ID='manual__2025-10-08T06:02:46.095726+00:00'
[2025-10-08T06:02:47.440+0000] {taskinstance.py:731} INFO - ::endgroup::
[2025-10-08T06:02:47.456+0000] {logging_mixin.py:190} INFO - Hola Airflow!
[2025-10-08T06:02:47.456+0000] {python.py:240} INFO - Done. Returned value was: None
[2025-10-08T06:02:47.470+0000] {taskinstance.py:340} INFO - ::group::Post task execution logs
[2025-10-08T06:02:47.470+0000] {taskinstance.py:352} INFO - Marking task as SUCCESS. dag_id=hello_world, task_id=say_hi, run_id=manual__2025-10-08T06:02:46.095726+00:00, execution_date=20251008T060246, start_date=20251008T060247, end_date=20251008T060247
[2025-10-08T06:02:47.505+0000] {local_task_job_runner.py:266} INFO - Task exited with return code 0
[2025-10-08T06:02:47.529+0000] {taskinstance.py:3900} INFO - 0 downstream tasks scheduled from follow-on schedule check
[2025-10-08T06:02:47.532+0000] {local_task_job_runner.py:245} INFO - ::endgroup::
